# JRE version: OpenJDK Runtime Environment AdoptOpenJDK (11.0.9.1+1) (build 11.0.9.1+1)
# Java VM: OpenJDK 64-Bit Client VM AdoptOpenJDK (11.0.9.1+1, mixed mode, g1 gc, windows-amd64)
Heap:
 garbage-first heap   total 368640K, used 113144K [0x000000000ae00000, 0x000000004ae00000)
  region size 1024K, 5 young (5120K), 0 survivors (0K)
 Metaspace       used 110545K, capacity 117426K, committed 117612K, reserved 118784K
GC Heap History (20 events):
Event: 899.093 GC heap after
{Heap after GC invocations=189 (full 0):
 garbage-first heap   total 448512K, used 183971K [0x000000000ae00000, 0x000000004ae00000)
  region size 1024K, 23 young (23552K), 23 survivors (23552K)
 Metaspace       used 110119K, capacity 116946K, committed 117100K, reserved 118784K
}
Event: 899.097 GC heap before
{Heap before GC invocations=189 (full 0):
 garbage-first heap   total 448512K, used 184995K [0x000000000ae00000, 0x000000004ae00000)
  region size 1024K, 24 young (24576K), 23 survivors (23552K)
 Metaspace       used 110119K, capacity 116946K, committed 117100K, reserved 118784K
}
Event: 899.124 GC heap after
{Heap after GC invocations=190 (full 0):
 garbage-first heap   total 448512K, used 168064K [0x000000000ae00000, 0x000000004ae00000)
  region size 1024K, 2 young (2048K), 2 survivors (2048K)
 Metaspace       used 110119K, capacity 116946K, committed 117100K, reserved 118784K
}
Event: 899.136 GC heap before
{Heap before GC invocations=190 (full 0):
 garbage-first heap   total 448512K, used 170112K [0x000000000ae00000, 0x000000004ae00000)
  region size 1024K, 5 young (5120K), 2 survivors (2048K)
 Metaspace       used 110119K, capacity 116946K, committed 117100K, reserved 118784K
}
Event: 899.146 GC heap after
{Heap after GC invocations=191 (full 0):
 garbage-first heap   total 448512K, used 168064K [0x000000000ae00000, 0x000000004ae00000)
  region size 1024K, 2 young (2048K), 2 survivors (2048K)
 Metaspace       used 110119K, capacity 116946K, committed 117100K, reserved 118784K
}
Event: 956.370 GC heap before
{Heap before GC invocations=192 (full 0):
 garbage-first heap   total 448512K, used 392320K [0x000000000ae00000, 0x000000004ae00000)
  region size 1024K, 179 young (183296K), 2 survivors (2048K)
 Metaspace       used 110136K, capacity 116954K, committed 117100K, reserved 118784K
}
Event: 956.387 GC heap after
{Heap after GC invocations=193 (full 0):
 garbage-first heap   total 448512K, used 179328K [0x000000000ae00000, 0x000000004ae00000)
  region size 1024K, 17 young (17408K), 17 survivors (17408K)
 Metaspace       used 110136K, capacity 116954K, committed 117100K, reserved 118784K
}
Event: 956.392 GC heap before
{Heap before GC invocations=193 (full 0):
 garbage-first heap   total 448512K, used 183424K [0x000000000ae00000, 0x000000004ae00000)
  region size 1024K, 21 young (21504K), 17 survivors (17408K)
 Metaspace       used 110136K, capacity 116954K, committed 117100K, reserved 118784K
}
Event: 956.416 GC heap after
{Heap after GC invocations=194 (full 0):
 garbage-first heap   total 448512K, used 155133K [0x000000000ae00000, 0x000000004ae00000)
  region size 1024K, 2 young (2048K), 2 survivors (2048K)
 Metaspace       used 110136K, capacity 116954K, committed 117100K, reserved 118784K
}
Event: 1435.106 GC heap before
{Heap before GC invocations=194 (full 0):
 garbage-first heap   total 448512K, used 248317K [0x000000000ae00000, 0x000000004ae00000)
  region size 1024K, 94 young (96256K), 2 survivors (2048K)
 Metaspace       used 110418K, capacity 117230K, committed 117356K, reserved 118784K
}
Event: 1435.128 GC heap after
{Heap after GC invocations=195 (full 0):
 garbage-first heap   total 448512K, used 167262K [0x000000000ae00000, 0x000000004ae00000)
  region size 1024K, 14 young (14336K), 14 survivors (14336K)
 Metaspace       used 110418K, capacity 117230K, committed 117356K, reserved 118784K
}
Event: 3277.993 GC heap before
{Heap before GC invocations=196 (full 0):
 garbage-first heap   total 448512K, used 335198K [0x000000000ae00000, 0x000000004ae00000)
  region size 1024K, 186 young (190464K), 14 survivors (14336K)
 Metaspace       used 110542K, capacity 117439K, committed 117612K, reserved 118784K
}
Event: 3278.015 GC heap after
{Heap after GC invocations=197 (full 0):
 garbage-first heap   total 448512K, used 171477K [0x000000000ae00000, 0x000000004ae00000)
  region size 1024K, 12 young (12288K), 12 survivors (12288K)
 Metaspace       used 110542K, capacity 117439K, committed 117612K, reserved 118784K
}
Event: 3278.053 GC heap before
{Heap before GC invocations=197 (full 0):
 garbage-first heap   total 448512K, used 180693K [0x000000000ae00000, 0x000000004ae00000)
  region size 1024K, 21 young (21504K), 12 survivors (12288K)
 Metaspace       used 110542K, capacity 117439K, committed 117612K, reserved 118784K
}
Event: 3278.074 GC heap after
{Heap after GC invocations=198 (full 0):
 garbage-first heap   total 448512K, used 158208K [0x000000000ae00000, 0x000000004ae00000)
  region size 1024K, 3 young (3072K), 3 survivors (3072K)
 Metaspace       used 110542K, capacity 117439K, committed 117612K, reserved 118784K
}
Event: 6878.085 GC heap before
{Heap before GC invocations=198 (full 0):
 garbage-first heap   total 448512K, used 264704K [0x000000000ae00000, 0x000000004ae00000)
  region size 1024K, 108 young (110592K), 3 survivors (3072K)
 Metaspace       used 110550K, capacity 117439K, committed 117612K, reserved 118784K
}
Event: 6878.253 GC heap after
{Heap after GC invocations=199 (full 1):
 garbage-first heap   total 378880K, used 110455K [0x000000000ae00000, 0x000000004ae00000)
  region size 1024K, 0 young (0K), 0 survivors (0K)
 Metaspace       used 110550K, capacity 117439K, committed 117612K, reserved 118784K
}
Event: 10478.267 GC heap before
{Heap before GC invocations=199 (full 1):
 garbage-first heap   total 378880K, used 116599K [0x000000000ae00000, 0x000000004ae00000)
  region size 1024K, 7 young (7168K), 0 survivors (0K)
 Metaspace       used 110551K, capacity 117439K, committed 117612K, reserved 118784K
}
Event: 10478.441 GC heap after
{Heap after GC invocations=200 (full 2):
 garbage-first heap   total 368640K, used 108196K [0x000000000ae00000, 0x000000004ae00000)
  region size 1024K, 0 young (0K), 0 survivors (0K)
 Metaspace       used 110541K, capacity 117426K, committed 117612K, reserved 118784K
}
Event: 14125.598 GC heap before
{Heap before GC invocations=200 (full 2):
 garbage-first heap   total 368640K, used 112292K [0x000000000ae00000, 0x000000004ae00000)
  region size 1024K, 5 young (5120K), 0 survivors (0K)
 Metaspace       used 110545K, capacity 117426K, committed 117612K, reserved 118784K
}

